Tue Oct 24 15:58:45 EDT 2023 : Peer 1002 has the optimistically unchoked neighbor 0
Tue Oct 24 15:58:45 EDT 2023 : Peer 1002 has the preferred neighbors []
Tue Oct 24 15:58:46 EDT 2023 : Peer 1002 is unchoked by 1001
Tue Oct 24 15:58:46 EDT 2023 : Peer 1002 has downloaded the piece from 1001. Now the number of pieces it has is 1
Tue Oct 24 15:58:46 EDT 2023 : Peer 1002 received not interested message from 1001
Tue Oct 24 15:58:46 EDT 2023 : Peer 1002 has downloaded the piece from 1001. Now the number of pieces it has is 2
Tue Oct 24 15:58:46 EDT 2023 : Peer 1002 received not interested message from 1001
Tue Oct 24 15:58:46 EDT 2023 : Peer 1002 has downloaded the piece from 1001. Now the number of pieces it has is 3
Tue Oct 24 15:58:46 EDT 2023 : Peer 1002 received not interested message from 1001
Tue Oct 24 15:58:46 EDT 2023 : Peer 1002 has downloaded the piece from 1001. Now the number of pieces it has is 4
Tue Oct 24 15:58:46 EDT 2023 : Peer 1002 received not interested message from 1001
Tue Oct 24 15:58:46 EDT 2023 : Peer 1002 has downloaded the piece from 1001. Now the number of pieces it has is 5
Tue Oct 24 15:58:46 EDT 2023 : Peer 1002 received not interested message from 1001
Tue Oct 24 15:58:46 EDT 2023 : Peer 1002 has downloaded the piece from 1001. Now the number of pieces it has is 6
Tue Oct 24 15:58:46 EDT 2023 : Peer 1002 received not interested message from 1001
Tue Oct 24 15:58:46 EDT 2023 : Peer 1002 has downloaded the piece from 1001. Now the number of pieces it has is 7
Tue Oct 24 15:58:46 EDT 2023 : Peer 1002 received not interested message from 1001
Tue Oct 24 15:58:46 EDT 2023 : Peer 1002 has downloaded the piece from 1001. Now the number of pieces it has is 8
Tue Oct 24 15:58:46 EDT 2023 : Peer 1002 received not interested message from 1001
Tue Oct 24 15:58:46 EDT 2023 : Peer 1002 has downloaded the piece from 1001. Now the number of pieces it has is 9
Tue Oct 24 15:58:46 EDT 2023 : Peer 1002 received not interested message from 1001
Tue Oct 24 15:58:46 EDT 2023 : Peer 1002 has downloaded the piece from 1001. Now the number of pieces it has is 10
Tue Oct 24 15:58:46 EDT 2023 : Peer 1002 received not interested message from 1001
Tue Oct 24 15:58:46 EDT 2023 : Peer 1002 has downloaded the piece from 1001. Now the number of pieces it has is 11
Tue Oct 24 15:58:46 EDT 2023 : Peer 1002 received not interested message from 1001
Tue Oct 24 15:58:46 EDT 2023 : Peer 1002 has downloaded the piece from 1001. Now the number of pieces it has is 12
Tue Oct 24 15:58:46 EDT 2023 : Peer 1002 received not interested message from 1001
Tue Oct 24 15:58:46 EDT 2023 : Peer 1002 has downloaded the piece from 1001. Now the number of pieces it has is 13
Tue Oct 24 15:58:46 EDT 2023 : Peer 1002 received not interested message from 1001
Tue Oct 24 15:58:46 EDT 2023 : Peer 1002 has downloaded the piece from 1001. Now the number of pieces it has is 14
Tue Oct 24 15:58:46 EDT 2023 : Peer 1002 received not interested message from 1001
Tue Oct 24 15:58:46 EDT 2023 : Peer 1002 has downloaded the piece from 1001. Now the number of pieces it has is 15
Tue Oct 24 15:58:46 EDT 2023 : Peer 1002 received not interested message from 1001
Tue Oct 24 15:58:46 EDT 2023 : Peer 1002 has downloaded the piece from 1001. Now the number of pieces it has is 16
Tue Oct 24 15:58:46 EDT 2023 : Peer 1002 received not interested message from 1001
Tue Oct 24 15:58:46 EDT 2023 : Peer 1002 has downloaded the piece from 1001. Now the number of pieces it has is 17
Tue Oct 24 15:58:46 EDT 2023 : Peer 1002 received not interested message from 1001
Tue Oct 24 15:58:46 EDT 2023 : Peer 1002 has downloaded the piece from 1001. Now the number of pieces it has is 18
Tue Oct 24 15:58:46 EDT 2023 : Peer 1002 received not interested message from 1001
Tue Oct 24 15:58:46 EDT 2023 : Peer 1002 has downloaded the piece from 1001. Now the number of pieces it has is 19
Tue Oct 24 15:58:46 EDT 2023 : Peer 1002 received not interested message from 1001
Tue Oct 24 15:58:46 EDT 2023 : Peer 1002 has downloaded the piece from 1001. Now the number of pieces it has is 20
Tue Oct 24 15:58:46 EDT 2023 : Peer 1002 received not interested message from 1001
Tue Oct 24 15:58:46 EDT 2023 : Peer 1002 has downloaded the piece from 1001. Now the number of pieces it has is 21
Tue Oct 24 15:58:46 EDT 2023 : Peer 1002 received not interested message from 1001
Tue Oct 24 15:58:46 EDT 2023 : Peer 1002 has downloaded the piece from 1001. Now the number of pieces it has is 22
Tue Oct 24 15:58:46 EDT 2023 : Peer 1002 received not interested message from 1001
Tue Oct 24 15:58:46 EDT 2023 : Peer 1002 has downloaded the piece from 1001. Now the number of pieces it has is 23
Tue Oct 24 15:58:46 EDT 2023 : Peer 1002 received not interested message from 1001
Tue Oct 24 15:58:46 EDT 2023 : Peer 1002 has downloaded the piece from 1001. Now the number of pieces it has is 24
Tue Oct 24 15:58:46 EDT 2023 : Peer 1002 received not interested message from 1001
Tue Oct 24 15:58:46 EDT 2023 : Peer 1002 has downloaded the piece from 1001. Now the number of pieces it has is 25
Tue Oct 24 15:58:46 EDT 2023 : Peer 1002 received not interested message from 1001
Tue Oct 24 15:58:46 EDT 2023 : Peer 1002 has downloaded the piece from 1001. Now the number of pieces it has is 26
Tue Oct 24 15:58:46 EDT 2023 : Peer 1002 received not interested message from 1001
Tue Oct 24 15:58:46 EDT 2023 : Peer 1002 has downloaded the piece from 1001. Now the number of pieces it has is 27
Tue Oct 24 15:58:46 EDT 2023 : Peer 1002 received not interested message from 1001
Tue Oct 24 15:58:46 EDT 2023 : Peer 1002 has downloaded the piece from 1001. Now the number of pieces it has is 28
Tue Oct 24 15:58:46 EDT 2023 : Peer 1002 received not interested message from 1001
Tue Oct 24 15:58:46 EDT 2023 : Peer 1002 has downloaded the piece from 1001. Now the number of pieces it has is 29
Tue Oct 24 15:58:46 EDT 2023 : Peer 1002 received not interested message from 1001
Tue Oct 24 15:58:46 EDT 2023 : Peer 1002 has downloaded the piece from 1001. Now the number of pieces it has is 30
Tue Oct 24 15:58:46 EDT 2023 : Peer 1002 received not interested message from 1001
Tue Oct 24 15:58:46 EDT 2023 : Peer 1002 has downloaded the piece from 1001. Now the number of pieces it has is 31
Tue Oct 24 15:58:46 EDT 2023 : Peer 1002 received not interested message from 1001
Tue Oct 24 15:58:46 EDT 2023 : Peer 1002 has downloaded the piece from 1001. Now the number of pieces it has is 32
Tue Oct 24 15:58:46 EDT 2023 : Peer 1002 received not interested message from 1001
Tue Oct 24 15:58:46 EDT 2023 : Peer 1002 has downloaded the piece from 1001. Now the number of pieces it has is 33
Tue Oct 24 15:58:46 EDT 2023 : Peer 1002 received not interested message from 1001
Tue Oct 24 15:58:46 EDT 2023 : Peer 1002 has downloaded the piece from 1001. Now the number of pieces it has is 34
Tue Oct 24 15:58:46 EDT 2023 : Peer 1002 received not interested message from 1001
Tue Oct 24 15:58:46 EDT 2023 : Peer 1002 has downloaded the piece from 1001. Now the number of pieces it has is 35
Tue Oct 24 15:58:46 EDT 2023 : Peer 1002 received not interested message from 1001
Tue Oct 24 15:58:46 EDT 2023 : Peer 1002 has downloaded the piece from 1001. Now the number of pieces it has is 36
Tue Oct 24 15:58:46 EDT 2023 : Peer 1002 received not interested message from 1001
Tue Oct 24 15:58:46 EDT 2023 : Peer 1002 has downloaded the piece from 1001. Now the number of pieces it has is 37
Tue Oct 24 15:58:46 EDT 2023 : Peer 1002 received not interested message from 1001
Tue Oct 24 15:58:46 EDT 2023 : Peer 1002 has downloaded the piece from 1001. Now the number of pieces it has is 38
Tue Oct 24 15:58:46 EDT 2023 : Peer 1002 received not interested message from 1001
Tue Oct 24 15:58:46 EDT 2023 : Peer 1002 has downloaded the piece from 1001. Now the number of pieces it has is 39
Tue Oct 24 15:58:46 EDT 2023 : Peer 1002 received not interested message from 1001
Tue Oct 24 15:58:46 EDT 2023 : Peer 1002 has downloaded the piece from 1001. Now the number of pieces it has is 40
Tue Oct 24 15:58:46 EDT 2023 : Peer 1002 received not interested message from 1001
Tue Oct 24 15:58:46 EDT 2023 : Peer 1002 has downloaded the piece from 1001. Now the number of pieces it has is 41
Tue Oct 24 15:58:46 EDT 2023 : Peer 1002 received not interested message from 1001
Tue Oct 24 15:58:46 EDT 2023 : Peer 1002 has downloaded the piece from 1001. Now the number of pieces it has is 42
Tue Oct 24 15:58:46 EDT 2023 : Peer 1002 received not interested message from 1001
Tue Oct 24 15:58:46 EDT 2023 : Peer 1002 has downloaded the piece from 1001. Now the number of pieces it has is 43
Tue Oct 24 15:58:46 EDT 2023 : Peer 1002 received not interested message from 1001
Tue Oct 24 15:58:46 EDT 2023 : Peer 1002 has downloaded the piece from 1001. Now the number of pieces it has is 44
Tue Oct 24 15:58:46 EDT 2023 : Peer 1002 received not interested message from 1001
Tue Oct 24 15:58:46 EDT 2023 : Peer 1002 has downloaded the piece from 1001. Now the number of pieces it has is 45
Tue Oct 24 15:58:46 EDT 2023 : Peer 1002 received not interested message from 1001
Tue Oct 24 15:58:46 EDT 2023 : Peer 1002 has downloaded the piece from 1001. Now the number of pieces it has is 46
Tue Oct 24 15:58:46 EDT 2023 : Peer 1002 received not interested message from 1001
Tue Oct 24 15:58:46 EDT 2023 : Peer 1002 has downloaded the piece from 1001. Now the number of pieces it has is 47
Tue Oct 24 15:58:46 EDT 2023 : Peer 1002 received not interested message from 1001
Tue Oct 24 15:58:46 EDT 2023 : Peer 1002 has downloaded the piece from 1001. Now the number of pieces it has is 48
Tue Oct 24 15:58:46 EDT 2023 : Peer 1002 received not interested message from 1001
Tue Oct 24 15:58:46 EDT 2023 : Peer 1002 has downloaded the piece from 1001. Now the number of pieces it has is 49
Tue Oct 24 15:58:46 EDT 2023 : Peer 1002 received not interested message from 1001
Tue Oct 24 15:58:46 EDT 2023 : Peer 1002 has downloaded the piece from 1001. Now the number of pieces it has is 50
Tue Oct 24 15:58:46 EDT 2023 : Peer 1002 received not interested message from 1001
Tue Oct 24 15:58:46 EDT 2023 : Peer 1002 has downloaded the piece from 1001. Now the number of pieces it has is 51
Tue Oct 24 15:58:46 EDT 2023 : Peer 1002 received not interested message from 1001
Tue Oct 24 15:58:46 EDT 2023 : Peer 1002 has downloaded the piece from 1001. Now the number of pieces it has is 52
Tue Oct 24 15:58:46 EDT 2023 : Peer 1002 received not interested message from 1001
Tue Oct 24 15:58:46 EDT 2023 : Peer 1002 has downloaded the piece from 1001. Now the number of pieces it has is 53
Tue Oct 24 15:58:46 EDT 2023 : Peer 1002 received not interested message from 1001
Tue Oct 24 15:58:46 EDT 2023 : Peer 1002 has downloaded the piece from 1001. Now the number of pieces it has is 54
Tue Oct 24 15:58:46 EDT 2023 : Peer 1002 received not interested message from 1001
Tue Oct 24 15:58:46 EDT 2023 : Peer 1002 has downloaded the piece from 1001. Now the number of pieces it has is 55
Tue Oct 24 15:58:46 EDT 2023 : Peer 1002 received not interested message from 1001
Tue Oct 24 15:58:46 EDT 2023 : Peer 1002 has downloaded the piece from 1001. Now the number of pieces it has is 56
Tue Oct 24 15:58:46 EDT 2023 : Peer 1002 received not interested message from 1001
Tue Oct 24 15:58:46 EDT 2023 : Peer 1002 has downloaded the piece from 1001. Now the number of pieces it has is 57
Tue Oct 24 15:58:46 EDT 2023 : Peer 1002 received not interested message from 1001
Tue Oct 24 15:58:46 EDT 2023 : Peer 1002 has downloaded the piece from 1001. Now the number of pieces it has is 58
Tue Oct 24 15:58:46 EDT 2023 : Peer 1002 received not interested message from 1001
Tue Oct 24 15:58:46 EDT 2023 : Peer 1002 has downloaded the piece from 1001. Now the number of pieces it has is 59
Tue Oct 24 15:58:46 EDT 2023 : Peer 1002 received not interested message from 1001
Tue Oct 24 15:58:46 EDT 2023 : Peer 1002 has downloaded the piece from 1001. Now the number of pieces it has is 60
Tue Oct 24 15:58:46 EDT 2023 : Peer 1002 received not interested message from 1001
Tue Oct 24 15:58:46 EDT 2023 : Peer 1002 has downloaded the piece from 1001. Now the number of pieces it has is 61
Tue Oct 24 15:58:46 EDT 2023 : Peer 1002 received not interested message from 1001
Tue Oct 24 15:58:46 EDT 2023 : Peer 1002 has downloaded the piece from 1001. Now the number of pieces it has is 62
Tue Oct 24 15:58:46 EDT 2023 : Peer 1002 received not interested message from 1001
Tue Oct 24 15:58:46 EDT 2023 : Peer 1002 has downloaded the piece from 1001. Now the number of pieces it has is 63
Tue Oct 24 15:58:46 EDT 2023 : Peer 1002 received not interested message from 1001
Tue Oct 24 15:58:46 EDT 2023 : Peer 1002 has downloaded the piece from 1001. Now the number of pieces it has is 64
Tue Oct 24 15:58:46 EDT 2023 : Peer 1002 received not interested message from 1001
Tue Oct 24 15:58:46 EDT 2023 : Peer 1002 has downloaded the piece from 1001. Now the number of pieces it has is 65
Tue Oct 24 15:58:46 EDT 2023 : Peer 1002 received not interested message from 1001
Tue Oct 24 15:58:46 EDT 2023 : Peer 1002 has downloaded the piece from 1001. Now the number of pieces it has is 66
Tue Oct 24 15:58:46 EDT 2023 : Peer 1002 received not interested message from 1001
Tue Oct 24 15:58:46 EDT 2023 : Peer 1002 has downloaded the piece from 1001. Now the number of pieces it has is 67
Tue Oct 24 15:58:46 EDT 2023 : Peer 1002 received not interested message from 1001
Tue Oct 24 15:58:46 EDT 2023 : Peer 1002 has downloaded the piece from 1001. Now the number of pieces it has is 68
Tue Oct 24 15:58:46 EDT 2023 : Peer 1002 received not interested message from 1001
Tue Oct 24 15:58:46 EDT 2023 : Peer 1002 has downloaded the piece from 1001. Now the number of pieces it has is 69
Tue Oct 24 15:58:46 EDT 2023 : Peer 1002 received not interested message from 1001
Tue Oct 24 15:58:46 EDT 2023 : Peer 1002 has downloaded the piece from 1001. Now the number of pieces it has is 70
Tue Oct 24 15:58:46 EDT 2023 : Peer 1002 received not interested message from 1001
Tue Oct 24 15:58:46 EDT 2023 : Peer 1002 has downloaded the piece from 1001. Now the number of pieces it has is 71
Tue Oct 24 15:58:46 EDT 2023 : Peer 1002 received not interested message from 1001
Tue Oct 24 15:58:46 EDT 2023 : Peer 1002 has downloaded the piece from 1001. Now the number of pieces it has is 72
Tue Oct 24 15:58:46 EDT 2023 : Peer 1002 received not interested message from 1001
Tue Oct 24 15:58:46 EDT 2023 : Peer 1002 has downloaded the piece from 1001. Now the number of pieces it has is 73
Tue Oct 24 15:58:46 EDT 2023 : Peer 1002 received not interested message from 1001
Tue Oct 24 15:58:46 EDT 2023 : Peer 1002 has downloaded the piece from 1001. Now the number of pieces it has is 74
Tue Oct 24 15:58:46 EDT 2023 : Peer 1002 received not interested message from 1001
Tue Oct 24 15:58:46 EDT 2023 : Peer 1002 has downloaded the piece from 1001. Now the number of pieces it has is 75
Tue Oct 24 15:58:46 EDT 2023 : Peer 1002 received not interested message from 1001
Tue Oct 24 15:58:46 EDT 2023 : Peer 1002 has downloaded the piece from 1001. Now the number of pieces it has is 76
Tue Oct 24 15:58:46 EDT 2023 : Peer 1002 received not interested message from 1001
Tue Oct 24 15:58:46 EDT 2023 : Peer 1002 has downloaded the piece from 1001. Now the number of pieces it has is 77
Tue Oct 24 15:58:46 EDT 2023 : Peer 1002 received not interested message from 1001
Tue Oct 24 15:58:46 EDT 2023 : Peer 1002 has downloaded the piece from 1001. Now the number of pieces it has is 78
Tue Oct 24 15:58:46 EDT 2023 : Peer 1002 received not interested message from 1001
Tue Oct 24 15:58:46 EDT 2023 : Peer 1002 has downloaded the piece from 1001. Now the number of pieces it has is 79
Tue Oct 24 15:58:46 EDT 2023 : Peer 1002 received not interested message from 1001
Tue Oct 24 15:58:46 EDT 2023 : Peer 1002 has downloaded the piece from 1001. Now the number of pieces it has is 80
Tue Oct 24 15:58:46 EDT 2023 : Peer 1002 received not interested message from 1001
Tue Oct 24 15:58:46 EDT 2023 : Peer 1002 has downloaded the piece from 1001. Now the number of pieces it has is 81
Tue Oct 24 15:58:46 EDT 2023 : Peer 1002 received not interested message from 1001
Tue Oct 24 15:58:46 EDT 2023 : Peer 1002 has downloaded the piece from 1001. Now the number of pieces it has is 82
Tue Oct 24 15:58:46 EDT 2023 : Peer 1002 received not interested message from 1001
Tue Oct 24 15:58:46 EDT 2023 : Peer 1002 has downloaded the piece from 1001. Now the number of pieces it has is 83
Tue Oct 24 15:58:46 EDT 2023 : Peer 1002 received not interested message from 1001
Tue Oct 24 15:58:46 EDT 2023 : Peer 1002 has downloaded the piece from 1001. Now the number of pieces it has is 84
Tue Oct 24 15:58:46 EDT 2023 : Peer 1002 received not interested message from 1001
Tue Oct 24 15:58:46 EDT 2023 : Peer 1002 has downloaded the piece from 1001. Now the number of pieces it has is 85
Tue Oct 24 15:58:46 EDT 2023 : Peer 1002 received not interested message from 1001
Tue Oct 24 15:58:46 EDT 2023 : Peer 1002 has downloaded the piece from 1001. Now the number of pieces it has is 86
Tue Oct 24 15:58:46 EDT 2023 : Peer 1002 received not interested message from 1001
Tue Oct 24 15:58:46 EDT 2023 : Peer 1002 has downloaded the piece from 1001. Now the number of pieces it has is 87
Tue Oct 24 15:58:46 EDT 2023 : Peer 1002 received not interested message from 1001
Tue Oct 24 15:58:46 EDT 2023 : Peer 1002 has downloaded the piece from 1001. Now the number of pieces it has is 88
Tue Oct 24 15:58:46 EDT 2023 : Peer 1002 received not interested message from 1001
Tue Oct 24 15:58:46 EDT 2023 : Peer 1002 has downloaded the piece from 1001. Now the number of pieces it has is 89
Tue Oct 24 15:58:46 EDT 2023 : Peer 1002 received not interested message from 1001
Tue Oct 24 15:58:46 EDT 2023 : Peer 1002 has downloaded the piece from 1001. Now the number of pieces it has is 90
Tue Oct 24 15:58:46 EDT 2023 : Peer 1002 received not interested message from 1001
Tue Oct 24 15:58:46 EDT 2023 : Peer 1002 has downloaded the piece from 1001. Now the number of pieces it has is 91
Tue Oct 24 15:58:46 EDT 2023 : Peer 1002 received not interested message from 1001
Tue Oct 24 15:58:46 EDT 2023 : Peer 1002 has downloaded the piece from 1001. Now the number of pieces it has is 92
Tue Oct 24 15:58:46 EDT 2023 : Peer 1002 received not interested message from 1001
Tue Oct 24 15:58:46 EDT 2023 : Peer 1002 has downloaded the piece from 1001. Now the number of pieces it has is 93
Tue Oct 24 15:58:46 EDT 2023 : Peer 1002 received not interested message from 1001
Tue Oct 24 15:58:46 EDT 2023 : Peer 1002 has downloaded the piece from 1001. Now the number of pieces it has is 94
Tue Oct 24 15:58:46 EDT 2023 : Peer 1002 received not interested message from 1001
Tue Oct 24 15:58:46 EDT 2023 : Peer 1002 has downloaded the piece from 1001. Now the number of pieces it has is 95
Tue Oct 24 15:58:46 EDT 2023 : Peer 1002 received not interested message from 1001
Tue Oct 24 15:58:46 EDT 2023 : Peer 1002 has downloaded the piece from 1001. Now the number of pieces it has is 96
Tue Oct 24 15:58:46 EDT 2023 : Peer 1002 received not interested message from 1001
Tue Oct 24 15:58:46 EDT 2023 : Peer 1002 has downloaded the piece from 1001. Now the number of pieces it has is 97
Tue Oct 24 15:58:46 EDT 2023 : Peer 1002 received not interested message from 1001
Tue Oct 24 15:58:46 EDT 2023 : Peer 1002 has downloaded the piece from 1001. Now the number of pieces it has is 98
Tue Oct 24 15:58:46 EDT 2023 : Peer 1002 received not interested message from 1001
Tue Oct 24 15:58:46 EDT 2023 : Peer 1002 has downloaded the piece from 1001. Now the number of pieces it has is 99
Tue Oct 24 15:58:46 EDT 2023 : Peer 1002 received not interested message from 1001
Tue Oct 24 15:58:46 EDT 2023 : Peer 1002 has downloaded the piece from 1001. Now the number of pieces it has is 100
Tue Oct 24 15:58:46 EDT 2023 : Peer 1002 received not interested message from 1001
Tue Oct 24 15:58:46 EDT 2023 : Peer 1002 has downloaded the piece from 1001. Now the number of pieces it has is 101
Tue Oct 24 15:58:46 EDT 2023 : Peer 1002 received not interested message from 1001
Tue Oct 24 15:58:46 EDT 2023 : Peer 1002 has downloaded the piece from 1001. Now the number of pieces it has is 102
Tue Oct 24 15:58:46 EDT 2023 : Peer 1002 received not interested message from 1001
Tue Oct 24 15:58:46 EDT 2023 : Peer 1002 has downloaded the piece from 1001. Now the number of pieces it has is 103
Tue Oct 24 15:58:46 EDT 2023 : Peer 1002 received not interested message from 1001
Tue Oct 24 15:58:46 EDT 2023 : Peer 1002 has downloaded the piece from 1001. Now the number of pieces it has is 104
Tue Oct 24 15:58:46 EDT 2023 : Peer 1002 received not interested message from 1001
Tue Oct 24 15:58:46 EDT 2023 : Peer 1002 has downloaded the piece from 1001. Now the number of pieces it has is 105
Tue Oct 24 15:58:46 EDT 2023 : Peer 1002 received not interested message from 1001
Tue Oct 24 15:58:46 EDT 2023 : Peer 1002 has downloaded the piece from 1001. Now the number of pieces it has is 106
Tue Oct 24 15:58:46 EDT 2023 : Peer 1002 received not interested message from 1001
Tue Oct 24 15:58:46 EDT 2023 : Peer 1002 has downloaded the piece from 1001. Now the number of pieces it has is 107
Tue Oct 24 15:58:46 EDT 2023 : Peer 1002 received not interested message from 1001
Tue Oct 24 15:58:46 EDT 2023 : Peer 1002 has downloaded the piece from 1001. Now the number of pieces it has is 108
Tue Oct 24 15:58:46 EDT 2023 : Peer 1002 received not interested message from 1001
Tue Oct 24 15:58:46 EDT 2023 : Peer 1002 has downloaded the piece from 1001. Now the number of pieces it has is 109
Tue Oct 24 15:58:46 EDT 2023 : Peer 1002 received not interested message from 1001
Tue Oct 24 15:58:46 EDT 2023 : Peer 1002 has downloaded the piece from 1001. Now the number of pieces it has is 110
Tue Oct 24 15:58:46 EDT 2023 : Peer 1002 received not interested message from 1001
Tue Oct 24 15:58:46 EDT 2023 : Peer 1002 has downloaded the piece from 1001. Now the number of pieces it has is 111
Tue Oct 24 15:58:46 EDT 2023 : Peer 1002 received not interested message from 1001
Tue Oct 24 15:58:46 EDT 2023 : Peer 1002 has downloaded the piece from 1001. Now the number of pieces it has is 112
Tue Oct 24 15:58:46 EDT 2023 : Peer 1002 received not interested message from 1001
Tue Oct 24 15:58:46 EDT 2023 : Peer 1002 has downloaded the piece from 1001. Now the number of pieces it has is 113
Tue Oct 24 15:58:46 EDT 2023 : Peer 1002 received not interested message from 1001
Tue Oct 24 15:58:46 EDT 2023 : Peer 1002 has downloaded the piece from 1001. Now the number of pieces it has is 114
Tue Oct 24 15:58:46 EDT 2023 : Peer 1002 received not interested message from 1001
Tue Oct 24 15:58:47 EDT 2023 : Peer 1002 has downloaded the piece from 1001. Now the number of pieces it has is 115
Tue Oct 24 15:58:47 EDT 2023 : Peer 1002 received not interested message from 1001
Tue Oct 24 15:58:47 EDT 2023 : Peer 1002 has downloaded the piece from 1001. Now the number of pieces it has is 116
Tue Oct 24 15:58:47 EDT 2023 : Peer 1002 received not interested message from 1001
Tue Oct 24 15:58:47 EDT 2023 : Peer 1002 has downloaded the piece from 1001. Now the number of pieces it has is 117
Tue Oct 24 15:58:47 EDT 2023 : Peer 1002 received not interested message from 1001
Tue Oct 24 15:58:47 EDT 2023 : Peer 1002 has downloaded the piece from 1001. Now the number of pieces it has is 118
Tue Oct 24 15:58:47 EDT 2023 : Peer 1002 received not interested message from 1001
Tue Oct 24 15:58:47 EDT 2023 : Peer 1002 has downloaded the piece from 1001. Now the number of pieces it has is 119
Tue Oct 24 15:58:47 EDT 2023 : Peer 1002 received not interested message from 1001
Tue Oct 24 15:58:47 EDT 2023 : Peer 1002 has downloaded the piece from 1001. Now the number of pieces it has is 120
Tue Oct 24 15:58:47 EDT 2023 : Peer 1002 received not interested message from 1001
Tue Oct 24 15:58:47 EDT 2023 : Peer 1002 has downloaded the piece from 1001. Now the number of pieces it has is 121
Tue Oct 24 15:58:47 EDT 2023 : Peer 1002 received not interested message from 1001
Tue Oct 24 15:58:47 EDT 2023 : Peer 1002 has downloaded the piece from 1001. Now the number of pieces it has is 122
Tue Oct 24 15:58:47 EDT 2023 : Peer 1002 received not interested message from 1001
Tue Oct 24 15:58:47 EDT 2023 : Peer 1002 has downloaded the piece from 1001. Now the number of pieces it has is 123
Tue Oct 24 15:58:47 EDT 2023 : Peer 1002 received not interested message from 1001
Tue Oct 24 15:58:47 EDT 2023 : Peer 1002 has downloaded the piece from 1001. Now the number of pieces it has is 124
Tue Oct 24 15:58:47 EDT 2023 : Peer 1002 received not interested message from 1001
Tue Oct 24 15:58:47 EDT 2023 : Peer 1002 has downloaded the piece from 1001. Now the number of pieces it has is 125
Tue Oct 24 15:58:47 EDT 2023 : Peer 1002 received not interested message from 1001
Tue Oct 24 15:58:47 EDT 2023 : Peer 1002 has downloaded the piece from 1001. Now the number of pieces it has is 126
Tue Oct 24 15:58:47 EDT 2023 : Peer 1002 received not interested message from 1001
Tue Oct 24 15:58:47 EDT 2023 : Peer 1002 has downloaded the piece from 1001. Now the number of pieces it has is 127
Tue Oct 24 15:58:47 EDT 2023 : Peer 1002 received not interested message from 1001
Tue Oct 24 15:58:47 EDT 2023 : Peer 1002 has downloaded the piece from 1001. Now the number of pieces it has is 128
Tue Oct 24 15:58:47 EDT 2023 : Peer 1002 received not interested message from 1001
Tue Oct 24 15:58:47 EDT 2023 : Peer 1002 has downloaded the piece from 1001. Now the number of pieces it has is 129
Tue Oct 24 15:58:47 EDT 2023 : Peer 1002 received not interested message from 1001
Tue Oct 24 15:58:47 EDT 2023 : Peer 1002 has downloaded the piece from 1001. Now the number of pieces it has is 130
Tue Oct 24 15:58:47 EDT 2023 : Peer 1002 received not interested message from 1001
Tue Oct 24 15:58:47 EDT 2023 : Peer 1002 has downloaded the piece from 1001. Now the number of pieces it has is 131
Tue Oct 24 15:58:47 EDT 2023 : Peer 1002 received not interested message from 1001
Tue Oct 24 15:58:47 EDT 2023 : Peer 1002 has downloaded the piece from 1001. Now the number of pieces it has is 132
Tue Oct 24 15:58:47 EDT 2023 : Peer 1002 received not interested message from 1001
Tue Oct 24 15:58:47 EDT 2023 : Peer 1002 has downloaded the piece from 1001. Now the number of pieces it has is 133
Tue Oct 24 15:58:47 EDT 2023 : Peer 1002 received not interested message from 1001
Tue Oct 24 15:58:47 EDT 2023 : Peer 1002 has downloaded the piece from 1001. Now the number of pieces it has is 134
Tue Oct 24 15:58:47 EDT 2023 : Peer 1002 received not interested message from 1001
Tue Oct 24 15:58:47 EDT 2023 : Peer 1002 has downloaded the piece from 1001. Now the number of pieces it has is 135
Tue Oct 24 15:58:47 EDT 2023 : Peer 1002 received not interested message from 1001
Tue Oct 24 15:58:47 EDT 2023 : Peer 1002 has downloaded the piece from 1001. Now the number of pieces it has is 136
Tue Oct 24 15:58:47 EDT 2023 : Peer 1002 received not interested message from 1001
Tue Oct 24 15:58:47 EDT 2023 : Peer 1002 has downloaded the piece from 1001. Now the number of pieces it has is 137
Tue Oct 24 15:58:47 EDT 2023 : Peer 1002 received not interested message from 1001
Tue Oct 24 15:58:47 EDT 2023 : Peer 1002 has downloaded the piece from 1001. Now the number of pieces it has is 138
Tue Oct 24 15:58:47 EDT 2023 : Peer 1002 received not interested message from 1001
Tue Oct 24 15:58:47 EDT 2023 : Peer 1002 has downloaded the piece from 1001. Now the number of pieces it has is 139
Tue Oct 24 15:58:47 EDT 2023 : Peer 1002 received not interested message from 1001
Tue Oct 24 15:58:47 EDT 2023 : Peer 1002 has downloaded the piece from 1001. Now the number of pieces it has is 140
Tue Oct 24 15:58:47 EDT 2023 : Peer 1002 received not interested message from 1001
Tue Oct 24 15:58:47 EDT 2023 : Peer 1002 has downloaded the piece from 1001. Now the number of pieces it has is 141
Tue Oct 24 15:58:47 EDT 2023 : Peer 1002 received not interested message from 1001
Tue Oct 24 15:58:47 EDT 2023 : Peer 1002 has downloaded the piece from 1001. Now the number of pieces it has is 142
Tue Oct 24 15:58:47 EDT 2023 : Peer 1002 received not interested message from 1001
Tue Oct 24 15:58:47 EDT 2023 : Peer 1002 has downloaded the piece from 1001. Now the number of pieces it has is 143
Tue Oct 24 15:58:47 EDT 2023 : Peer 1002 received not interested message from 1001
Tue Oct 24 15:58:47 EDT 2023 : Peer 1002 has downloaded the piece from 1001. Now the number of pieces it has is 144
Tue Oct 24 15:58:47 EDT 2023 : Peer 1002 received not interested message from 1001
Tue Oct 24 15:58:47 EDT 2023 : Peer 1002 has downloaded the piece from 1001. Now the number of pieces it has is 145
Tue Oct 24 15:58:47 EDT 2023 : Peer 1002 received not interested message from 1001
Tue Oct 24 15:58:47 EDT 2023 : Peer 1002 has downloaded the piece from 1001. Now the number of pieces it has is 146
Tue Oct 24 15:58:47 EDT 2023 : Peer 1002 received not interested message from 1001
Tue Oct 24 15:58:47 EDT 2023 : Peer 1002 has downloaded the piece from 1001. Now the number of pieces it has is 147
Tue Oct 24 15:58:47 EDT 2023 : Peer 1002 received not interested message from 1001
Tue Oct 24 15:58:47 EDT 2023 : Peer 1002 has downloaded the piece from 1001. Now the number of pieces it has is 148
Tue Oct 24 15:58:47 EDT 2023 : Peer 1002 received not interested message from 1001
Tue Oct 24 15:58:47 EDT 2023 : Peer 1002 has downloaded the piece from 1001. Now the number of pieces it has is 149
Tue Oct 24 15:58:47 EDT 2023 : Peer 1002 received not interested message from 1001
Tue Oct 24 15:58:47 EDT 2023 : Peer 1002 has downloaded the piece from 1001. Now the number of pieces it has is 150
Tue Oct 24 15:58:47 EDT 2023 : Peer 1002 received not interested message from 1001
Tue Oct 24 15:58:47 EDT 2023 : Peer 1002 has downloaded the piece from 1001. Now the number of pieces it has is 151
Tue Oct 24 15:58:47 EDT 2023 : Peer 1002 received not interested message from 1001
Tue Oct 24 15:58:47 EDT 2023 : Peer 1002 has downloaded the piece from 1001. Now the number of pieces it has is 152
Tue Oct 24 15:58:47 EDT 2023 : Peer 1002 received not interested message from 1001
Tue Oct 24 15:58:47 EDT 2023 : Peer 1002 has downloaded the piece from 1001. Now the number of pieces it has is 153
Tue Oct 24 15:58:47 EDT 2023 : Peer 1002 received not interested message from 1001
Tue Oct 24 15:58:47 EDT 2023 : Peer 1002 has downloaded the piece from 1001. Now the number of pieces it has is 154
Tue Oct 24 15:58:47 EDT 2023 : Peer 1002 received not interested message from 1001
Tue Oct 24 15:58:47 EDT 2023 : Peer 1002 has downloaded the piece from 1001. Now the number of pieces it has is 155
Tue Oct 24 15:58:47 EDT 2023 : Peer 1002 received not interested message from 1001
Tue Oct 24 15:58:47 EDT 2023 : Peer 1002 has downloaded the piece from 1001. Now the number of pieces it has is 156
Tue Oct 24 15:58:47 EDT 2023 : Peer 1002 received not interested message from 1001
Tue Oct 24 15:58:47 EDT 2023 : Peer 1002 has downloaded the piece from 1001. Now the number of pieces it has is 157
Tue Oct 24 15:58:47 EDT 2023 : Peer 1002 received not interested message from 1001
Tue Oct 24 15:58:47 EDT 2023 : Peer 1002 has downloaded the piece from 1001. Now the number of pieces it has is 158
Tue Oct 24 15:58:47 EDT 2023 : Peer 1002 received not interested message from 1001
Tue Oct 24 15:58:47 EDT 2023 : Peer 1002 has downloaded the piece from 1001. Now the number of pieces it has is 159
Tue Oct 24 15:58:47 EDT 2023 : Peer 1002 received not interested message from 1001
Tue Oct 24 15:58:47 EDT 2023 : Peer 1002 has downloaded the piece from 1001. Now the number of pieces it has is 160
Tue Oct 24 15:58:47 EDT 2023 : Peer 1002 received not interested message from 1001
Tue Oct 24 15:58:47 EDT 2023 : Peer 1002 has downloaded the piece from 1001. Now the number of pieces it has is 161
Tue Oct 24 15:58:47 EDT 2023 : Peer 1002 received not interested message from 1001
Tue Oct 24 15:58:47 EDT 2023 : Peer 1002 has downloaded the piece from 1001. Now the number of pieces it has is 162
Tue Oct 24 15:58:47 EDT 2023 : Peer 1002 received not interested message from 1001
Tue Oct 24 15:58:47 EDT 2023 : Peer 1002 has downloaded the piece from 1001. Now the number of pieces it has is 163
Tue Oct 24 15:58:47 EDT 2023 : Peer 1002 received not interested message from 1001
Tue Oct 24 15:58:47 EDT 2023 : Peer 1002 has downloaded the piece from 1001. Now the number of pieces it has is 164
Tue Oct 24 15:58:47 EDT 2023 : Peer 1002 received not interested message from 1001
Tue Oct 24 15:58:47 EDT 2023 : Peer 1002 has downloaded the piece from 1001. Now the number of pieces it has is 165
Tue Oct 24 15:58:47 EDT 2023 : Peer 1002 received not interested message from 1001
Tue Oct 24 15:58:47 EDT 2023 : Peer 1002 has downloaded the piece from 1001. Now the number of pieces it has is 166
Tue Oct 24 15:58:47 EDT 2023 : Peer 1002 received not interested message from 1001
Tue Oct 24 15:58:47 EDT 2023 : Peer 1002 has downloaded the piece from 1001. Now the number of pieces it has is 167
Tue Oct 24 15:58:47 EDT 2023 : Peer 1002 received not interested message from 1001
Tue Oct 24 15:58:47 EDT 2023 : Peer 1002 has downloaded the piece from 1001. Now the number of pieces it has is 168
Tue Oct 24 15:58:47 EDT 2023 : Peer 1002 received not interested message from 1001
Tue Oct 24 15:58:47 EDT 2023 : Peer 1002 has downloaded the piece from 1001. Now the number of pieces it has is 169
Tue Oct 24 15:58:47 EDT 2023 : Peer 1002 received not interested message from 1001
Tue Oct 24 15:58:47 EDT 2023 : Peer 1002 has downloaded the piece from 1001. Now the number of pieces it has is 170
Tue Oct 24 15:58:47 EDT 2023 : Peer 1002 received not interested message from 1001
Tue Oct 24 15:58:47 EDT 2023 : Peer 1002 has downloaded the piece from 1001. Now the number of pieces it has is 171
Tue Oct 24 15:58:47 EDT 2023 : Peer 1002 received not interested message from 1001
Tue Oct 24 15:58:47 EDT 2023 : Peer 1002 has downloaded the piece from 1001. Now the number of pieces it has is 172
Tue Oct 24 15:58:47 EDT 2023 : Peer 1002 received not interested message from 1001
Tue Oct 24 15:58:47 EDT 2023 : Peer 1002 has downloaded the piece from 1001. Now the number of pieces it has is 173
Tue Oct 24 15:58:47 EDT 2023 : Peer 1002 received not interested message from 1001
Tue Oct 24 15:58:47 EDT 2023 : Peer 1002 has downloaded the piece from 1001. Now the number of pieces it has is 174
Tue Oct 24 15:58:47 EDT 2023 : Peer 1002 received not interested message from 1001
Tue Oct 24 15:58:47 EDT 2023 : Peer 1002 has downloaded the piece from 1001. Now the number of pieces it has is 175
Tue Oct 24 15:58:47 EDT 2023 : Peer 1002 received not interested message from 1001
Tue Oct 24 15:58:47 EDT 2023 : Peer 1002 has downloaded the piece from 1001. Now the number of pieces it has is 176
Tue Oct 24 15:58:47 EDT 2023 : Peer 1002 received not interested message from 1001
Tue Oct 24 15:58:47 EDT 2023 : Peer 1002 has downloaded the piece from 1001. Now the number of pieces it has is 177
Tue Oct 24 15:58:47 EDT 2023 : Peer 1002 received not interested message from 1001
Tue Oct 24 15:58:47 EDT 2023 : Peer 1002 has downloaded the piece from 1001. Now the number of pieces it has is 178
Tue Oct 24 15:58:47 EDT 2023 : Peer 1002 received not interested message from 1001
Tue Oct 24 15:58:47 EDT 2023 : Peer 1002 has downloaded the piece from 1001. Now the number of pieces it has is 179
Tue Oct 24 15:58:47 EDT 2023 : Peer 1002 received not interested message from 1001
Tue Oct 24 15:58:47 EDT 2023 : Peer 1002 has downloaded the piece from 1001. Now the number of pieces it has is 180
Tue Oct 24 15:58:47 EDT 2023 : Peer 1002 received not interested message from 1001
Tue Oct 24 15:58:47 EDT 2023 : Peer 1002 has downloaded the piece from 1001. Now the number of pieces it has is 181
Tue Oct 24 15:58:47 EDT 2023 : Peer 1002 received not interested message from 1001
Tue Oct 24 15:58:47 EDT 2023 : Peer 1002 has downloaded the piece from 1001. Now the number of pieces it has is 182
Tue Oct 24 15:58:47 EDT 2023 : Peer 1002 received not interested message from 1001
Tue Oct 24 15:58:47 EDT 2023 : Peer 1002 has downloaded the piece from 1001. Now the number of pieces it has is 183
Tue Oct 24 15:58:47 EDT 2023 : Peer 1002 received not interested message from 1001
Tue Oct 24 15:58:47 EDT 2023 : Peer 1002 has downloaded the piece from 1001. Now the number of pieces it has is 184
Tue Oct 24 15:58:47 EDT 2023 : Peer 1002 received not interested message from 1001
Tue Oct 24 15:58:47 EDT 2023 : Peer 1002 has downloaded the piece from 1001. Now the number of pieces it has is 185
Tue Oct 24 15:58:47 EDT 2023 : Peer 1002 received not interested message from 1001
Tue Oct 24 15:58:47 EDT 2023 : Peer 1002 has downloaded the piece from 1001. Now the number of pieces it has is 186
Tue Oct 24 15:58:47 EDT 2023 : Peer 1002 received not interested message from 1001
Tue Oct 24 15:58:47 EDT 2023 : Peer 1002 has downloaded the piece from 1001. Now the number of pieces it has is 187
Tue Oct 24 15:58:47 EDT 2023 : Peer 1002 received not interested message from 1001
Tue Oct 24 15:58:47 EDT 2023 : Peer 1002 has downloaded the piece from 1001. Now the number of pieces it has is 188
Tue Oct 24 15:58:47 EDT 2023 : Peer 1002 received not interested message from 1001
Tue Oct 24 15:58:47 EDT 2023 : Peer 1002 has downloaded the piece from 1001. Now the number of pieces it has is 189
Tue Oct 24 15:58:47 EDT 2023 : Peer 1002 received not interested message from 1001
Tue Oct 24 15:58:47 EDT 2023 : Peer 1002 has downloaded the piece from 1001. Now the number of pieces it has is 190
Tue Oct 24 15:58:47 EDT 2023 : Peer 1002 received not interested message from 1001
Tue Oct 24 15:58:47 EDT 2023 : Peer 1002 has downloaded the piece from 1001. Now the number of pieces it has is 191
Tue Oct 24 15:58:47 EDT 2023 : Peer 1002 received not interested message from 1001
Tue Oct 24 15:58:47 EDT 2023 : Peer 1002 has downloaded the piece from 1001. Now the number of pieces it has is 192
Tue Oct 24 15:58:47 EDT 2023 : Peer 1002 received not interested message from 1001
Tue Oct 24 15:58:47 EDT 2023 : Peer 1002 has downloaded the piece from 1001. Now the number of pieces it has is 193
Tue Oct 24 15:58:47 EDT 2023 : Peer 1002 received not interested message from 1001
Tue Oct 24 15:58:47 EDT 2023 : Peer 1002 has downloaded the piece from 1001. Now the number of pieces it has is 194
Tue Oct 24 15:58:47 EDT 2023 : Peer 1002 received not interested message from 1001
Tue Oct 24 15:58:47 EDT 2023 : Peer 1002 has downloaded the piece from 1001. Now the number of pieces it has is 195
Tue Oct 24 15:58:47 EDT 2023 : Peer 1002 received not interested message from 1001
Tue Oct 24 15:58:47 EDT 2023 : Peer 1002 has downloaded the piece from 1001. Now the number of pieces it has is 196
Tue Oct 24 15:58:47 EDT 2023 : Peer 1002 received not interested message from 1001
Tue Oct 24 15:58:47 EDT 2023 : Peer 1002 has downloaded the piece from 1001. Now the number of pieces it has is 197
Tue Oct 24 15:58:47 EDT 2023 : Peer 1002 received not interested message from 1001
Tue Oct 24 15:58:47 EDT 2023 : Peer 1002 has downloaded the piece from 1001. Now the number of pieces it has is 198
Tue Oct 24 15:58:47 EDT 2023 : Peer 1002 received not interested message from 1001
Tue Oct 24 15:58:47 EDT 2023 : Peer 1002 has downloaded the piece from 1001. Now the number of pieces it has is 199
Tue Oct 24 15:58:47 EDT 2023 : Peer 1002 received not interested message from 1001
Tue Oct 24 15:58:47 EDT 2023 : Peer 1002 has downloaded the piece from 1001. Now the number of pieces it has is 200
Tue Oct 24 15:58:47 EDT 2023 : Peer 1002 received not interested message from 1001
Tue Oct 24 15:58:47 EDT 2023 : Peer 1002 has downloaded the piece from 1001. Now the number of pieces it has is 201
Tue Oct 24 15:58:47 EDT 2023 : Peer 1002 received not interested message from 1001
Tue Oct 24 15:58:47 EDT 2023 : Peer 1002 has downloaded the piece from 1001. Now the number of pieces it has is 202
Tue Oct 24 15:58:47 EDT 2023 : Peer 1002 received not interested message from 1001
Tue Oct 24 15:58:47 EDT 2023 : Peer 1002 has downloaded the piece from 1001. Now the number of pieces it has is 203
Tue Oct 24 15:58:47 EDT 2023 : Peer 1002 received not interested message from 1001
Tue Oct 24 15:58:47 EDT 2023 : Peer 1002 has downloaded the piece from 1001. Now the number of pieces it has is 204
Tue Oct 24 15:58:47 EDT 2023 : Peer 1002 received not interested message from 1001
Tue Oct 24 15:58:47 EDT 2023 : Peer 1002 has downloaded the piece from 1001. Now the number of pieces it has is 205
Tue Oct 24 15:58:47 EDT 2023 : Peer 1002 received not interested message from 1001
Tue Oct 24 15:58:47 EDT 2023 : Peer 1002 has downloaded the piece from 1001. Now the number of pieces it has is 206
Tue Oct 24 15:58:47 EDT 2023 : Peer 1002 received not interested message from 1001
Tue Oct 24 15:58:47 EDT 2023 : Peer 1002 has downloaded the piece from 1001. Now the number of pieces it has is 207
Tue Oct 24 15:58:47 EDT 2023 : Peer 1002 received not interested message from 1001
Tue Oct 24 15:58:47 EDT 2023 : Peer 1002 has downloaded the piece from 1001. Now the number of pieces it has is 208
Tue Oct 24 15:58:47 EDT 2023 : Peer 1002 received not interested message from 1001
Tue Oct 24 15:58:47 EDT 2023 : Peer 1002 has downloaded the piece from 1001. Now the number of pieces it has is 209
Tue Oct 24 15:58:47 EDT 2023 : Peer 1002 received not interested message from 1001
Tue Oct 24 15:58:47 EDT 2023 : Peer 1002 has downloaded the piece from 1001. Now the number of pieces it has is 210
Tue Oct 24 15:58:47 EDT 2023 : Peer 1002 received not interested message from 1001
Tue Oct 24 15:58:47 EDT 2023 : Peer 1002 has downloaded the piece from 1001. Now the number of pieces it has is 211
Tue Oct 24 15:58:47 EDT 2023 : Peer 1002 received not interested message from 1001
Tue Oct 24 15:58:47 EDT 2023 : Peer 1002 has downloaded the piece from 1001. Now the number of pieces it has is 212
Tue Oct 24 15:58:47 EDT 2023 : Peer 1002 received not interested message from 1001
Tue Oct 24 15:58:47 EDT 2023 : Peer 1002 has downloaded the piece from 1001. Now the number of pieces it has is 213
Tue Oct 24 15:58:47 EDT 2023 : Peer 1002 received not interested message from 1001
Tue Oct 24 15:58:47 EDT 2023 : Peer 1002 has downloaded the piece from 1001. Now the number of pieces it has is 214
Tue Oct 24 15:58:47 EDT 2023 : Peer 1002 received not interested message from 1001
Tue Oct 24 15:58:47 EDT 2023 : Peer 1002 has downloaded the piece from 1001. Now the number of pieces it has is 215
Tue Oct 24 15:58:47 EDT 2023 : Peer 1002 received not interested message from 1001
Tue Oct 24 15:58:47 EDT 2023 : Peer 1002 has downloaded the piece from 1001. Now the number of pieces it has is 216
Tue Oct 24 15:58:47 EDT 2023 : Peer 1002 received not interested message from 1001
Tue Oct 24 15:58:47 EDT 2023 : Peer 1002 has downloaded the piece from 1001. Now the number of pieces it has is 217
Tue Oct 24 15:58:47 EDT 2023 : Peer 1002 received not interested message from 1001
Tue Oct 24 15:58:47 EDT 2023 : Peer 1002 has downloaded the piece from 1001. Now the number of pieces it has is 218
Tue Oct 24 15:58:47 EDT 2023 : Peer 1002 received not interested message from 1001
Tue Oct 24 15:58:47 EDT 2023 : Peer 1002 has downloaded the piece from 1001. Now the number of pieces it has is 219
Tue Oct 24 15:58:47 EDT 2023 : Peer 1002 received not interested message from 1001
Tue Oct 24 15:58:47 EDT 2023 : Peer 1002 has downloaded the piece from 1001. Now the number of pieces it has is 220
Tue Oct 24 15:58:47 EDT 2023 : Peer 1002 received not interested message from 1001
Tue Oct 24 15:58:47 EDT 2023 : Peer 1002 has downloaded the piece from 1001. Now the number of pieces it has is 221
Tue Oct 24 15:58:47 EDT 2023 : Peer 1002 received not interested message from 1001
Tue Oct 24 15:58:47 EDT 2023 : Peer 1002 has downloaded the piece from 1001. Now the number of pieces it has is 222
Tue Oct 24 15:58:47 EDT 2023 : Peer 1002 received not interested message from 1001
Tue Oct 24 15:58:47 EDT 2023 : Peer 1002 has downloaded the piece from 1001. Now the number of pieces it has is 223
Tue Oct 24 15:58:47 EDT 2023 : Peer 1002 received not interested message from 1001
Tue Oct 24 15:58:47 EDT 2023 : Peer 1002 has downloaded the piece from 1001. Now the number of pieces it has is 224
Tue Oct 24 15:58:47 EDT 2023 : Peer 1002 received not interested message from 1001
Tue Oct 24 15:58:47 EDT 2023 : Peer 1002 has downloaded the piece from 1001. Now the number of pieces it has is 225
Tue Oct 24 15:58:47 EDT 2023 : Peer 1002 received not interested message from 1001
Tue Oct 24 15:58:47 EDT 2023 : Peer 1002 has downloaded the piece from 1001. Now the number of pieces it has is 226
Tue Oct 24 15:58:47 EDT 2023 : Peer 1002 received not interested message from 1001
Tue Oct 24 15:58:47 EDT 2023 : Peer 1002 has downloaded the piece from 1001. Now the number of pieces it has is 227
Tue Oct 24 15:58:47 EDT 2023 : Peer 1002 received not interested message from 1001
Tue Oct 24 15:58:47 EDT 2023 : Peer 1002 has downloaded the piece from 1001. Now the number of pieces it has is 228
Tue Oct 24 15:58:47 EDT 2023 : Peer 1002 received not interested message from 1001
Tue Oct 24 15:58:47 EDT 2023 : Peer 1002 has downloaded the piece from 1001. Now the number of pieces it has is 229
Tue Oct 24 15:58:47 EDT 2023 : Peer 1002 received not interested message from 1001
Tue Oct 24 15:58:47 EDT 2023 : Peer 1002 has downloaded the piece from 1001. Now the number of pieces it has is 230
Tue Oct 24 15:58:47 EDT 2023 : Peer 1002 received not interested message from 1001
Tue Oct 24 15:58:47 EDT 2023 : Peer 1002 has downloaded the piece from 1001. Now the number of pieces it has is 231
Tue Oct 24 15:58:47 EDT 2023 : Peer 1002 received not interested message from 1001
Tue Oct 24 15:58:47 EDT 2023 : Peer 1002 has downloaded the piece from 1001. Now the number of pieces it has is 232
Tue Oct 24 15:58:47 EDT 2023 : Peer 1002 received not interested message from 1001
Tue Oct 24 15:58:47 EDT 2023 : Peer 1002 has downloaded the piece from 1001. Now the number of pieces it has is 233
Tue Oct 24 15:58:47 EDT 2023 : Peer 1002 received not interested message from 1001
Tue Oct 24 15:58:47 EDT 2023 : Peer 1002 has downloaded the piece from 1001. Now the number of pieces it has is 234
Tue Oct 24 15:58:47 EDT 2023 : Peer 1002 received not interested message from 1001
Tue Oct 24 15:58:47 EDT 2023 : Peer 1002 has downloaded the piece from 1001. Now the number of pieces it has is 235
Tue Oct 24 15:58:47 EDT 2023 : Peer 1002 received not interested message from 1001
Tue Oct 24 15:58:47 EDT 2023 : Peer 1002 has downloaded the piece from 1001. Now the number of pieces it has is 236
Tue Oct 24 15:58:47 EDT 2023 : Peer 1002 received not interested message from 1001
Tue Oct 24 15:58:47 EDT 2023 : Peer 1002 has downloaded the piece from 1001. Now the number of pieces it has is 237
Tue Oct 24 15:58:47 EDT 2023 : Peer 1002 received not interested message from 1001
Tue Oct 24 15:58:47 EDT 2023 : Peer 1002 has downloaded the piece from 1001. Now the number of pieces it has is 238
Tue Oct 24 15:58:47 EDT 2023 : Peer 1002 received not interested message from 1001
Tue Oct 24 15:58:47 EDT 2023 : Peer 1002 has downloaded the piece from 1001. Now the number of pieces it has is 239
Tue Oct 24 15:58:47 EDT 2023 : Peer 1002 received not interested message from 1001
Tue Oct 24 15:58:47 EDT 2023 : Peer 1002 has downloaded the piece from 1001. Now the number of pieces it has is 240
Tue Oct 24 15:58:47 EDT 2023 : Peer 1002 received not interested message from 1001
Tue Oct 24 15:58:47 EDT 2023 : Peer 1002 has downloaded the piece from 1001. Now the number of pieces it has is 241
Tue Oct 24 15:58:47 EDT 2023 : Peer 1002 received not interested message from 1001
Tue Oct 24 15:58:47 EDT 2023 : Peer 1002 has downloaded the piece from 1001. Now the number of pieces it has is 242
Tue Oct 24 15:58:47 EDT 2023 : Peer 1002 received not interested message from 1001
Tue Oct 24 15:58:47 EDT 2023 : Peer 1002 has downloaded the piece from 1001. Now the number of pieces it has is 243
Tue Oct 24 15:58:47 EDT 2023 : Peer 1002 received not interested message from 1001
Tue Oct 24 15:58:47 EDT 2023 : Peer 1002 has downloaded the piece from 1001. Now the number of pieces it has is 244
Tue Oct 24 15:58:47 EDT 2023 : Peer 1002 received not interested message from 1001
Tue Oct 24 15:58:47 EDT 2023 : Peer 1002 has downloaded the piece from 1001. Now the number of pieces it has is 245
Tue Oct 24 15:58:47 EDT 2023 : Peer 1002 received not interested message from 1001
Tue Oct 24 15:58:47 EDT 2023 : Peer 1002 has downloaded the piece from 1001. Now the number of pieces it has is 246
Tue Oct 24 15:58:47 EDT 2023 : Peer 1002 received not interested message from 1001
Tue Oct 24 15:58:47 EDT 2023 : Peer 1002 has downloaded the piece from 1001. Now the number of pieces it has is 247
Tue Oct 24 15:58:47 EDT 2023 : Peer 1002 received not interested message from 1001
Tue Oct 24 15:58:47 EDT 2023 : Peer 1002 has downloaded the piece from 1001. Now the number of pieces it has is 248
Tue Oct 24 15:58:47 EDT 2023 : Peer 1002 received not interested message from 1001
Tue Oct 24 15:58:47 EDT 2023 : Peer 1002 has downloaded the piece from 1001. Now the number of pieces it has is 249
Tue Oct 24 15:58:47 EDT 2023 : Peer 1002 received not interested message from 1001
Tue Oct 24 15:58:47 EDT 2023 : Peer 1002 has downloaded the piece from 1001. Now the number of pieces it has is 250
Tue Oct 24 15:58:47 EDT 2023 : Peer 1002 received not interested message from 1001
Tue Oct 24 15:58:47 EDT 2023 : Peer 1002 has downloaded the piece from 1001. Now the number of pieces it has is 251
Tue Oct 24 15:58:47 EDT 2023 : Peer 1002 received not interested message from 1001
Tue Oct 24 15:58:47 EDT 2023 : Peer 1002 has downloaded the piece from 1001. Now the number of pieces it has is 252
Tue Oct 24 15:58:47 EDT 2023 : Peer 1002 received not interested message from 1001
Tue Oct 24 15:58:47 EDT 2023 : Peer 1002 has downloaded the piece from 1001. Now the number of pieces it has is 253
Tue Oct 24 15:58:47 EDT 2023 : Peer 1002 received not interested message from 1001
Tue Oct 24 15:58:47 EDT 2023 : Peer 1002 has downloaded the piece from 1001. Now the number of pieces it has is 254
Tue Oct 24 15:58:47 EDT 2023 : Peer 1002 received not interested message from 1001
Tue Oct 24 15:58:47 EDT 2023 : Peer 1002 has downloaded the piece from 1001. Now the number of pieces it has is 255
Tue Oct 24 15:58:47 EDT 2023 : Peer 1002 received not interested message from 1001
Tue Oct 24 15:58:47 EDT 2023 : Peer 1002 has downloaded the piece from 1001. Now the number of pieces it has is 256
Tue Oct 24 15:58:47 EDT 2023 : Peer 1002 received not interested message from 1001
Tue Oct 24 15:58:47 EDT 2023 : Peer 1002 has downloaded the piece from 1001. Now the number of pieces it has is 257
Tue Oct 24 15:58:47 EDT 2023 : Peer 1002 received not interested message from 1001
Tue Oct 24 15:58:47 EDT 2023 : Peer 1002 has downloaded the piece from 1001. Now the number of pieces it has is 258
Tue Oct 24 15:58:47 EDT 2023 : Peer 1002 received not interested message from 1001
Tue Oct 24 15:58:47 EDT 2023 : Peer 1002 has downloaded the piece from 1001. Now the number of pieces it has is 259
Tue Oct 24 15:58:47 EDT 2023 : Peer 1002 received not interested message from 1001
Tue Oct 24 15:58:47 EDT 2023 : Peer 1002 has downloaded the piece from 1001. Now the number of pieces it has is 260
Tue Oct 24 15:58:47 EDT 2023 : Peer 1002 received not interested message from 1001
Tue Oct 24 15:58:47 EDT 2023 : Peer 1002 has downloaded the piece from 1001. Now the number of pieces it has is 261
Tue Oct 24 15:58:47 EDT 2023 : Peer 1002 received not interested message from 1001
Tue Oct 24 15:58:47 EDT 2023 : Peer 1002 has downloaded the piece from 1001. Now the number of pieces it has is 262
Tue Oct 24 15:58:47 EDT 2023 : Peer 1002 received not interested message from 1001
Tue Oct 24 15:58:47 EDT 2023 : Peer 1002 has downloaded the piece from 1001. Now the number of pieces it has is 263
Tue Oct 24 15:58:47 EDT 2023 : Peer 1002 received not interested message from 1001
Tue Oct 24 15:58:47 EDT 2023 : Peer 1002 has downloaded the piece from 1001. Now the number of pieces it has is 264
Tue Oct 24 15:58:47 EDT 2023 : Peer 1002 received not interested message from 1001
Tue Oct 24 15:58:47 EDT 2023 : Peer 1002 has downloaded the piece from 1001. Now the number of pieces it has is 265
Tue Oct 24 15:58:47 EDT 2023 : Peer 1002 received not interested message from 1001
Tue Oct 24 15:58:47 EDT 2023 : Peer 1002 has downloaded the piece from 1001. Now the number of pieces it has is 266
Tue Oct 24 15:58:47 EDT 2023 : Peer 1002 received not interested message from 1001
Tue Oct 24 15:58:47 EDT 2023 : Peer 1002 has downloaded the piece from 1001. Now the number of pieces it has is 267
Tue Oct 24 15:58:47 EDT 2023 : Peer 1002 received not interested message from 1001
Tue Oct 24 15:58:47 EDT 2023 : Peer 1002 has downloaded the piece from 1001. Now the number of pieces it has is 268
Tue Oct 24 15:58:47 EDT 2023 : Peer 1002 received not interested message from 1001
Tue Oct 24 15:58:47 EDT 2023 : Peer 1002 has downloaded the piece from 1001. Now the number of pieces it has is 269
Tue Oct 24 15:58:47 EDT 2023 : Peer 1002 received not interested message from 1001
Tue Oct 24 15:58:47 EDT 2023 : Peer 1002 has downloaded the piece from 1001. Now the number of pieces it has is 270
Tue Oct 24 15:58:47 EDT 2023 : Peer 1002 received not interested message from 1001
Tue Oct 24 15:58:47 EDT 2023 : Peer 1002 has downloaded the piece from 1001. Now the number of pieces it has is 271
Tue Oct 24 15:58:47 EDT 2023 : Peer 1002 received not interested message from 1001
Tue Oct 24 15:58:47 EDT 2023 : Peer 1002 has downloaded the piece from 1001. Now the number of pieces it has is 272
Tue Oct 24 15:58:47 EDT 2023 : Peer 1002 received not interested message from 1001
Tue Oct 24 15:58:47 EDT 2023 : Peer 1002 has downloaded the piece from 1001. Now the number of pieces it has is 273
Tue Oct 24 15:58:47 EDT 2023 : Peer 1002 received not interested message from 1001
Tue Oct 24 15:58:47 EDT 2023 : Peer 1002 has downloaded the piece from 1001. Now the number of pieces it has is 274
Tue Oct 24 15:58:47 EDT 2023 : Peer 1002 received not interested message from 1001
Tue Oct 24 15:58:47 EDT 2023 : Peer 1002 has downloaded the piece from 1001. Now the number of pieces it has is 275
Tue Oct 24 15:58:47 EDT 2023 : Peer 1002 received not interested message from 1001
Tue Oct 24 15:58:47 EDT 2023 : Peer 1002 has downloaded the piece from 1001. Now the number of pieces it has is 276
Tue Oct 24 15:58:47 EDT 2023 : Peer 1002 received not interested message from 1001
Tue Oct 24 15:58:47 EDT 2023 : Peer 1002 has downloaded the piece from 1001. Now the number of pieces it has is 277
Tue Oct 24 15:58:47 EDT 2023 : Peer 1002 received not interested message from 1001
Tue Oct 24 15:58:47 EDT 2023 : Peer 1002 has downloaded the piece from 1001. Now the number of pieces it has is 278
Tue Oct 24 15:58:47 EDT 2023 : Peer 1002 received not interested message from 1001
Tue Oct 24 15:58:47 EDT 2023 : Peer 1002 has downloaded the piece from 1001. Now the number of pieces it has is 279
Tue Oct 24 15:58:47 EDT 2023 : Peer 1002 received not interested message from 1001
Tue Oct 24 15:58:47 EDT 2023 : Peer 1002 has downloaded the piece from 1001. Now the number of pieces it has is 280
Tue Oct 24 15:58:47 EDT 2023 : Peer 1002 received not interested message from 1001
Tue Oct 24 15:58:47 EDT 2023 : Peer 1002 has downloaded the piece from 1001. Now the number of pieces it has is 281
Tue Oct 24 15:58:47 EDT 2023 : Peer 1002 received not interested message from 1001
Tue Oct 24 15:58:47 EDT 2023 : Peer 1002 has downloaded the piece from 1001. Now the number of pieces it has is 282
Tue Oct 24 15:58:47 EDT 2023 : Peer 1002 received not interested message from 1001
Tue Oct 24 15:58:47 EDT 2023 : Peer 1002 has downloaded the piece from 1001. Now the number of pieces it has is 283
Tue Oct 24 15:58:47 EDT 2023 : Peer 1002 received not interested message from 1001
Tue Oct 24 15:58:47 EDT 2023 : Peer 1002 has downloaded the piece from 1001. Now the number of pieces it has is 284
Tue Oct 24 15:58:47 EDT 2023 : Peer 1002 received not interested message from 1001
Tue Oct 24 15:58:47 EDT 2023 : Peer 1002 has downloaded the piece from 1001. Now the number of pieces it has is 285
Tue Oct 24 15:58:47 EDT 2023 : Peer 1002 received not interested message from 1001
Tue Oct 24 15:58:47 EDT 2023 : Peer 1002 has downloaded the piece from 1001. Now the number of pieces it has is 286
Tue Oct 24 15:58:47 EDT 2023 : Peer 1002 received not interested message from 1001
Tue Oct 24 15:58:47 EDT 2023 : Peer 1002 has downloaded the piece from 1001. Now the number of pieces it has is 287
Tue Oct 24 15:58:47 EDT 2023 : Peer 1002 received not interested message from 1001
Tue Oct 24 15:58:47 EDT 2023 : Peer 1002 has downloaded the piece from 1001. Now the number of pieces it has is 288
Tue Oct 24 15:58:47 EDT 2023 : Peer 1002 received not interested message from 1001
Tue Oct 24 15:58:47 EDT 2023 : Peer 1002 has downloaded the piece from 1001. Now the number of pieces it has is 289
Tue Oct 24 15:58:47 EDT 2023 : Peer 1002 received not interested message from 1001
Tue Oct 24 15:58:47 EDT 2023 : Peer 1002 has downloaded the piece from 1001. Now the number of pieces it has is 290
Tue Oct 24 15:58:47 EDT 2023 : Peer 1002 received not interested message from 1001
Tue Oct 24 15:58:47 EDT 2023 : Peer 1002 has downloaded the piece from 1001. Now the number of pieces it has is 291
Tue Oct 24 15:58:47 EDT 2023 : Peer 1002 received not interested message from 1001
Tue Oct 24 15:58:47 EDT 2023 : Peer 1002 has downloaded the piece from 1001. Now the number of pieces it has is 292
Tue Oct 24 15:58:47 EDT 2023 : Peer 1002 received not interested message from 1001
Tue Oct 24 15:58:47 EDT 2023 : Peer 1002 has downloaded the piece from 1001. Now the number of pieces it has is 293
Tue Oct 24 15:58:47 EDT 2023 : Peer 1002 received not interested message from 1001
Tue Oct 24 15:58:47 EDT 2023 : Peer 1002 has downloaded the piece from 1001. Now the number of pieces it has is 294
Tue Oct 24 15:58:47 EDT 2023 : Peer 1002 received not interested message from 1001
Tue Oct 24 15:58:47 EDT 2023 : Peer 1002 has downloaded the piece from 1001. Now the number of pieces it has is 295
Tue Oct 24 15:58:47 EDT 2023 : Peer 1002 received not interested message from 1001
Tue Oct 24 15:58:47 EDT 2023 : Peer 1002 has downloaded the piece from 1001. Now the number of pieces it has is 296
Tue Oct 24 15:58:47 EDT 2023 : Peer 1002 received not interested message from 1001
Tue Oct 24 15:58:47 EDT 2023 : Peer 1002 has downloaded the piece from 1001. Now the number of pieces it has is 297
Tue Oct 24 15:58:47 EDT 2023 : Peer 1002 received not interested message from 1001
Tue Oct 24 15:58:47 EDT 2023 : Peer 1002 has downloaded the piece from 1001. Now the number of pieces it has is 298
Tue Oct 24 15:58:47 EDT 2023 : Peer 1002 received not interested message from 1001
Tue Oct 24 15:58:47 EDT 2023 : Peer 1002 has downloaded the piece from 1001. Now the number of pieces it has is 299
Tue Oct 24 15:58:47 EDT 2023 : Peer 1002 received not interested message from 1001
Tue Oct 24 15:58:47 EDT 2023 : Peer 1002 has downloaded the piece from 1001. Now the number of pieces it has is 300
Tue Oct 24 15:58:47 EDT 2023 : Peer 1002 received not interested message from 1001
Tue Oct 24 15:58:47 EDT 2023 : Peer 1002 has downloaded the piece from 1001. Now the number of pieces it has is 301
Tue Oct 24 15:58:47 EDT 2023 : Peer 1002 received not interested message from 1001
Tue Oct 24 15:58:47 EDT 2023 : Peer 1002 has downloaded the piece from 1001. Now the number of pieces it has is 302
Tue Oct 24 15:58:47 EDT 2023 : Peer 1002 received not interested message from 1001
Tue Oct 24 15:58:47 EDT 2023 : Peer 1002 has downloaded the piece from 1001. Now the number of pieces it has is 303
Tue Oct 24 15:58:47 EDT 2023 : Peer 1002 received not interested message from 1001
Tue Oct 24 15:58:47 EDT 2023 : Peer 1002 has downloaded the piece from 1001. Now the number of pieces it has is 304
Tue Oct 24 15:58:47 EDT 2023 : Peer 1002 received not interested message from 1001
Tue Oct 24 15:58:47 EDT 2023 : Peer 1002 has downloaded the piece from 1001. Now the number of pieces it has is 305
Tue Oct 24 15:58:47 EDT 2023 : Peer 1002 received not interested message from 1001
Tue Oct 24 15:58:47 EDT 2023 : Peer 1002 has downloaded the piece from 1001. Now the number of pieces it has is 306
Tue Oct 24 15:58:47 EDT 2023 : Peer 1002 has downloaded the complete file.
Tue Oct 24 15:58:50 EDT 2023 : Peer 1002 has the preferred neighbors []
Tue Oct 24 15:58:51 EDT 2023 : Peer 1002 is unchoked by 1001
